nohup: ignoring input
/home/ryan/miniforge3/envs/eg/lib/python3.9/site-packages/transformers/utils/generic.py:441: FutureWarning: `torch.utils._pytree._register_pytree_node` is deprecated. Please use `torch.utils._pytree.register_pytree_node` instead.
  _torch_pytree._register_pytree_node(
/home/ryan/miniforge3/envs/eg/lib/python3.9/site-packages/transformers/utils/generic.py:309: FutureWarning: `torch.utils._pytree._register_pytree_node` is deprecated. Please use `torch.utils._pytree.register_pytree_node` instead.
  _torch_pytree._register_pytree_node(
Traceback (most recent call last):
  File "/home/ryan/miniforge3/envs/eg/lib/python3.9/site-packages/transformers/utils/import_utils.py", line 1353, in _get_module
    return importlib.import_module("." + module_name, self.__name__)
  File "/home/ryan/miniforge3/envs/eg/lib/python3.9/importlib/__init__.py", line 127, in import_module
    return _bootstrap._gcd_import(name[level:], package, level)
  File "<frozen importlib._bootstrap>", line 1030, in _gcd_import
  File "<frozen importlib._bootstrap>", line 1007, in _find_and_load
  File "<frozen importlib._bootstrap>", line 986, in _find_and_load_unlocked
  File "<frozen importlib._bootstrap>", line 680, in _load_unlocked
  File "<frozen importlib._bootstrap_external>", line 850, in exec_module
  File "<frozen importlib._bootstrap>", line 228, in _call_with_frames_removed
  File "/home/ryan/miniforge3/envs/eg/lib/python3.9/site-packages/transformers/trainer.py", line 190, in <module>
    from peft import PeftModel
  File "/home/ryan/miniforge3/envs/eg/lib/python3.9/site-packages/peft/__init__.py", line 17, in <module>
    from .auto import (
  File "/home/ryan/miniforge3/envs/eg/lib/python3.9/site-packages/peft/auto.py", line 32, in <module>
    from .peft_model import (
  File "/home/ryan/miniforge3/envs/eg/lib/python3.9/site-packages/peft/peft_model.py", line 37, in <module>
    from transformers import Cache, DynamicCache, EncoderDecoderCache, PreTrainedModel
ImportError: cannot import name 'Cache' from 'transformers' (/home/ryan/miniforge3/envs/eg/lib/python3.9/site-packages/transformers/__init__.py)

The above exception was the direct cause of the following exception:

Traceback (most recent call last):
  File "/home/ryan/eg-cfg-btp/experiments/step2_btp_finetune_experiment.py", line 48, in <module>
    from transformers import (
  File "<frozen importlib._bootstrap>", line 1055, in _handle_fromlist
  File "/home/ryan/miniforge3/envs/eg/lib/python3.9/site-packages/transformers/utils/import_utils.py", line 1343, in __getattr__
    module = self._get_module(self._class_to_module[name])
  File "/home/ryan/miniforge3/envs/eg/lib/python3.9/site-packages/transformers/utils/import_utils.py", line 1355, in _get_module
    raise RuntimeError(
RuntimeError: Failed to import transformers.trainer because of the following error (look up to see its traceback):
cannot import name 'Cache' from 'transformers' (/home/ryan/miniforge3/envs/eg/lib/python3.9/site-packages/transformers/__init__.py)
